Winit_Kwality_new2016/build/outputs/logs/manifest-merger-debug-report.txt
-- Merging decision tree log ---
manifest
ADDED from Winit_Kwality_new2016\AndroidManifest.xml:2:1-1176:12
	package
		ADDED from Winit_Kwality_new2016\AndroidManifest.xml:3:5-44
	android:versionName
		ADDED from Winit_Kwality_new2016\AndroidManifest.xml:5:5-30
		INJECTED from Winit_Kwality_new2016\AndroidManifest.xml
		INJECTED from Winit_Kwality_new2016\AndroidManifest.xml
	android:versionCode
		ADDED from Winit_Kwality_new2016\AndroidManifest.xml:4:5-29
		INJECTED from Winit_Kwality_new2016\AndroidManifest.xml
		INJECTED from Winit_Kwality_new2016\AndroidManifest.xml
	xmlns:android
		ADDED from Winit_Kwality_new2016\AndroidManifest.xml:2:11-69
uses-sdk
ADDED from Winit_Kwality_new2016\AndroidManifest.xml:7:5-44
MERGED from [com.android.support:multidex:1.0.1] AndroidManifest.xml:18:5-42
MERGED from [kwality  26-03-2018:google-play-services_lib:unspecified] AndroidManifest.xml:23:5-43
	android:minSdkVersion
		ADDED from Winit_Kwality_new2016\AndroidManifest.xml:7:15-41
supports-screens
ADDED from Winit_Kwality_new2016\AndroidManifest.xml:9:5-51
	android:anyDensity
		ADDED from Winit_Kwality_new2016\AndroidManifest.xml:9:23-48
uses-permission#android.permission.RECORD_AUDIO
ADDED from Winit_Kwality_new2016\AndroidManifest.xml:11:5-71
	android:name
		ADDED from Winit_Kwality_new2016\AndroidManifest.xml:11:22-68
uses-permission#android.permission.WAKE_LOCK
ADDED from Winit_Kwality_new2016\AndroidManifest.xml:12:5-68
	android:name
		ADDED from Winit_Kwality_new2016\AndroidManifest.xml:12:22-65
uses-permission#android.permission.WRITE_SETTINGS
ADDED from Winit_Kwality_new2016\AndroidManifest.xml:13:5-73
	android:name
		ADDED from Winit_Kwality_new2016\AndroidManifest.xml:13:22-70
uses-permission#android.permission.INTERNET
ADDED from Winit_Kwality_new2016\AndroidManifest.xml:14:5-67
	android:name
		ADDED from Winit_Kwality_new2016\AndroidManifest.xml:14:22-64
uses-permission#android.permission.SDCARD_WRITE
ADDED from Winit_Kwality_new2016\AndroidManifest.xml:15:5-71
	android:name
		ADDED from Winit_Kwality_new2016\AndroidManifest.xml:15:22-68
uses-permission#android.permission.READ_PHONE_STATE
ADDED from Winit_Kwality_new2016\AndroidManifest.xml:16:5-75
	android:name
		ADDED from Winit_Kwality_new2016\AndroidManifest.xml:16:22-72
uses-permission#android.permission.WRITE_EXTERNAL_STORAGE
ADDED from Winit_Kwality_new2016\AndroidManifest.xml:17:5-81
	android:name
		ADDED from Winit_Kwality_new2016\AndroidManifest.xml:17:22-78
uses-permission#android.permission.ACCESS_NETWORK_STATE
ADDED from Winit_Kwality_new2016\AndroidManifest.xml:18:5-79
	android:name
		ADDED from Winit_Kwality_new2016\AndroidManifest.xml:18:22-76
uses-permission#android.permission.ACCESS_FINE_LOCATION
ADDED from Winit_Kwality_new2016\AndroidManifest.xml:19:5-79
	android:name
		ADDED from Winit_Kwality_new2016\AndroidManifest.xml:19:22-76
uses-permission#android.permission.ACCESS_COARSE_LOCATION
ADDED from Winit_Kwality_new2016\AndroidManifest.xml:21:5-81
	android:name
		ADDED from Winit_Kwality_new2016\AndroidManifest.xml:21:22-78
uses-permission#android.permission.ACCESS_LOCATION_EXTRA_COMMANDS
ADDED from Winit_Kwality_new2016\AndroidManifest.xml:22:5-89
	android:name
		ADDED from Winit_Kwality_new2016\AndroidManifest.xml:22:22-86
uses-permission#android.permission.CAMERA
ADDED from Winit_Kwality_new2016\AndroidManifest.xml:23:5-65
	android:name
		ADDED from Winit_Kwality_new2016\AndroidManifest.xml:23:22-62
uses-permission#android.permission.VIBRATE
ADDED from Winit_Kwality_new2016\AndroidManifest.xml:24:5-66
	android:name
		ADDED from Winit_Kwality_new2016\AndroidManifest.xml:24:22-63
uses-permission#android.permission.FLASHLIGHT
ADDED from Winit_Kwality_new2016\AndroidManifest.xml:25:5-69
	android:name
		ADDED from Winit_Kwality_new2016\AndroidManifest.xml:25:22-66
uses-permission#android.permission.GET_TASKS
ADDED from Winit_Kwality_new2016\AndroidManifest.xml:26:5-68
	android:name
		ADDED from Winit_Kwality_new2016\AndroidManifest.xml:26:22-65
uses-permission#android.permission.CALL_PHONE
ADDED from Winit_Kwality_new2016\AndroidManifest.xml:27:5-69
	android:name
		ADDED from Winit_Kwality_new2016\AndroidManifest.xml:27:22-66
uses-permission#android.permission.BLUETOOTH
ADDED from Winit_Kwality_new2016\AndroidManifest.xml:28:5-30:23
	android:name
		ADDED from Winit_Kwality_new2016\AndroidManifest.xml:28:22-65
uses-permission#com.winit.kwalitysfa.salesman.MAPS_RECEIVE
ADDED from Winit_Kwality_new2016\AndroidManifest.xml:31:5-82
	android:name
		ADDED from Winit_Kwality_new2016\AndroidManifest.xml:31:22-79
uses-permission#android.permission.BLUETOOTH_ADMIN
ADDED from Winit_Kwality_new2016\AndroidManifest.xml:32:5-33:23
	android:name
		ADDED from Winit_Kwality_new2016\AndroidManifest.xml:32:22-71
uses-feature#android.hardware.camera
ADDED from Winit_Kwality_new2016\AndroidManifest.xml:39:5-60
	android:name
		ADDED from Winit_Kwality_new2016\AndroidManifest.xml:39:19-57
uses-feature#android.hardware.camera.autofocus
ADDED from Winit_Kwality_new2016\AndroidManifest.xml:40:5-42:36
	android:required
		ADDED from Winit_Kwality_new2016\AndroidManifest.xml:42:9-33
	android:name
		ADDED from Winit_Kwality_new2016\AndroidManifest.xml:41:9-57
uses-permission#com.google.android.providers.gsf.permission.READ_GSERVICES
ADDED from Winit_Kwality_new2016\AndroidManifest.xml:44:5-98
	android:name
		ADDED from Winit_Kwality_new2016\AndroidManifest.xml:44:22-95
uses-permission#com.winit.kwalitysfa.salesman.permission.MAPS_RECEIVE
ADDED from Winit_Kwality_new2016\AndroidManifest.xml:45:5-93
	android:name
		ADDED from Winit_Kwality_new2016\AndroidManifest.xml:45:22-90
permission#com.winit.kwalitysfa.salesman.permission.MAPS_RECEIVE
ADDED from Winit_Kwality_new2016\AndroidManifest.xml:47:5-49:47
	android:protectionLevel
		ADDED from Winit_Kwality_new2016\AndroidManifest.xml:49:9-44
	android:name
		ADDED from Winit_Kwality_new2016\AndroidManifest.xml:48:9-77
uses-feature#0x00020000
ADDED from Winit_Kwality_new2016\AndroidManifest.xml:51:5-53:35
	android:glEsVersion
		ADDED from Winit_Kwality_new2016\AndroidManifest.xml:52:9-41
	android:required
		ADDED from Winit_Kwality_new2016\AndroidManifest.xml:53:9-32
permission#com.winit.kwalitysfa.salesman.permission.C2D_MESSAGE
ADDED from Winit_Kwality_new2016\AndroidManifest.xml:55:5-57:47
	android:protectionLevel
		ADDED from Winit_Kwality_new2016\AndroidManifest.xml:57:9-44
	android:name
		ADDED from Winit_Kwality_new2016\AndroidManifest.xml:56:9-76
uses-permission#com.winit.kwalitysfa.salesman.permission.C2D_MESSAGE
ADDED from Winit_Kwality_new2016\AndroidManifest.xml:59:5-92
	android:name
		ADDED from Winit_Kwality_new2016\AndroidManifest.xml:59:22-89
uses-permission#android.permission.SEND_SMS
ADDED from Winit_Kwality_new2016\AndroidManifest.xml:60:5-67
	android:name
		ADDED from Winit_Kwality_new2016\AndroidManifest.xml:60:22-64
uses-permission#android.permission.USE_CREDENTIALS
ADDED from Winit_Kwality_new2016\AndroidManifest.xml:63:5-74
	android:name
		ADDED from Winit_Kwality_new2016\AndroidManifest.xml:63:22-71
uses-permission#com.google.android.c2dm.permission.RECEIVE
ADDED from Winit_Kwality_new2016\AndroidManifest.xml:65:5-82
	android:name
		ADDED from Winit_Kwality_new2016\AndroidManifest.xml:65:22-79
uses-permission#android.permission.GET_ACCOUNTS
ADDED from Winit_Kwality_new2016\AndroidManifest.xml:67:5-71
	android:name
		ADDED from Winit_Kwality_new2016\AndroidManifest.xml:67:22-68
application
ADDED from Winit_Kwality_new2016\AndroidManifest.xml:71:5-1174:19
MERGED from [kwality  26-03-2018:google-play-services_lib:unspecified] AndroidManifest.xml:25:5-20
	android:label
		ADDED from Winit_Kwality_new2016\AndroidManifest.xml:75:9-41
	android:hardwareAccelerated
		ADDED from Winit_Kwality_new2016\AndroidManifest.xml:73:9-43
	android:manageSpaceActivity
		ADDED from Winit_Kwality_new2016\AndroidManifest.xml:77:9-81
	android:icon
		ADDED from Winit_Kwality_new2016\AndroidManifest.xml:74:9-42
	android:largeHeap
		ADDED from Winit_Kwality_new2016\AndroidManifest.xml:76:9-33
	android:theme
		ADDED from Winit_Kwality_new2016\AndroidManifest.xml:78:9-54
	android:name
		ADDED from Winit_Kwality_new2016\AndroidManifest.xml:72:9-70
service#com.winit.alseer.salesman.utilities.UploadImages
ADDED from Winit_Kwality_new2016\AndroidManifest.xml:79:9-84
	android:name
		ADDED from Winit_Kwality_new2016\AndroidManifest.xml:79:18-81
service#com.winit.alseer.salesman.utilities.SyncMovements
ADDED from Winit_Kwality_new2016\AndroidManifest.xml:80:9-85
	android:name
		ADDED from Winit_Kwality_new2016\AndroidManifest.xml:80:18-82
service#com.winit.alseer.salesman.utilities.UploadTransactions
ADDED from Winit_Kwality_new2016\AndroidManifest.xml:81:9-90
	android:name
		ADDED from Winit_Kwality_new2016\AndroidManifest.xml:81:18-87
service#com.winit.alseer.salesman.utilities.SyncData
ADDED from Winit_Kwality_new2016\AndroidManifest.xml:82:9-80
	android:name
		ADDED from Winit_Kwality_new2016\AndroidManifest.xml:82:18-77
meta-data#com.google.android.maps.v2.API_KEY
ADDED from Winit_Kwality_new2016\AndroidManifest.xml:87:9-89:72
	android:value
		ADDED from Winit_Kwality_new2016\AndroidManifest.xml:89:13-69
	android:name
		ADDED from Winit_Kwality_new2016\AndroidManifest.xml:88:13-62
meta-data#com.google.android.gms.version
ADDED from Winit_Kwality_new2016\AndroidManifest.xml:91:9-93:69
	android:value
		ADDED from Winit_Kwality_new2016\AndroidManifest.xml:93:13-66
	android:name
		ADDED from Winit_Kwality_new2016\AndroidManifest.xml:92:13-58
activity#com.winit.kwalitysfa.salesman.SplashScreenActivity
ADDED from Winit_Kwality_new2016\AndroidManifest.xml:95:9-104:20
	android:screenOrientation
		ADDED from Winit_Kwality_new2016\AndroidManifest.xml:98:13-49
	android:label
		ADDED from Winit_Kwality_new2016\AndroidManifest.xml:97:13-45
	android:name
		ADDED from Winit_Kwality_new2016\AndroidManifest.xml:96:13-78
intent-filter#android.intent.action.MAIN+android.intent.category.LAUNCHER
ADDED from Winit_Kwality_new2016\AndroidManifest.xml:99:13-103:29
action#android.intent.action.MAIN
ADDED from Winit_Kwality_new2016\AndroidManifest.xml:100:17-69
	android:name
		ADDED from Winit_Kwality_new2016\AndroidManifest.xml:100:25-66
category#android.intent.category.LAUNCHER
ADDED from Winit_Kwality_new2016\AndroidManifest.xml:102:17-77
	android:name
		ADDED from Winit_Kwality_new2016\AndroidManifest.xml:102:27-74
service#com.winit.kwalitysfa.salesman.SMSservice
ADDED from Winit_Kwality_new2016\AndroidManifest.xml:106:10-108:38
	android:enabled
		ADDED from Winit_Kwality_new2016\AndroidManifest.xml:108:13-35
	android:name
		ADDED from Winit_Kwality_new2016\AndroidManifest.xml:107:13-39
receiver#com.winit.kwalitysfa.salesman.AlarmReceiver
ADDED from Winit_Kwality_new2016\AndroidManifest.xml:109:9-51
	android:name
		ADDED from Winit_Kwality_new2016\AndroidManifest.xml:109:19-48
activity#com.winit.sfa.salesman.LogReportActivity
ADDED from Winit_Kwality_new2016\AndroidManifest.xml:110:9-117:20
	android:screenOrientation
		ADDED from Winit_Kwality_new2016\AndroidManifest.xml:113:13-49
	android:windowSoftInputMode
		ADDED from Winit_Kwality_new2016\AndroidManifest.xml:115:13-74
	android:configChanges
		ADDED from Winit_Kwality_new2016\AndroidManifest.xml:112:13-63
	android:theme
		ADDED from Winit_Kwality_new2016\AndroidManifest.xml:114:13-72
	android:name
		ADDED from Winit_Kwality_new2016\AndroidManifest.xml:111:13-68
activity#com.winit.sfa.salesman.LoginAcivity
ADDED from Winit_Kwality_new2016\AndroidManifest.xml:118:9-122:20
	android:screenOrientation
		ADDED from Winit_Kwality_new2016\AndroidManifest.xml:121:13-49
	android:label
		ADDED from Winit_Kwality_new2016\AndroidManifest.xml:120:13-45
	android:name
		ADDED from Winit_Kwality_new2016\AndroidManifest.xml:119:13-63
activity#com.winit.sfa.salesman.ManageSpaceActivity
ADDED from Winit_Kwality_new2016\AndroidManifest.xml:123:9-129:20
	android:screenOrientation
		ADDED from Winit_Kwality_new2016\AndroidManifest.xml:128:13-49
	android:label
		ADDED from Winit_Kwality_new2016\AndroidManifest.xml:126:13-45
	android:excludeFromRecents
		ADDED from Winit_Kwality_new2016\AndroidManifest.xml:125:13-46
	android:noHistory
		ADDED from Winit_Kwality_new2016\AndroidManifest.xml:127:13-37
	android:name
		ADDED from Winit_Kwality_new2016\AndroidManifest.xml:124:13-70
activity#com.winit.sfa.salesman.CaptureInventoryActivity
ADDED from Winit_Kwality_new2016\AndroidManifest.xml:130:9-135:20
	android:screenOrientation
		ADDED from Winit_Kwality_new2016\AndroidManifest.xml:133:13-49
	android:label
		ADDED from Winit_Kwality_new2016\AndroidManifest.xml:132:13-45
	android:windowSoftInputMode
		ADDED from Winit_Kwality_new2016\AndroidManifest.xml:134:13-60
	android:name
		ADDED from Winit_Kwality_new2016\AndroidManifest.xml:131:13-75
activity#com.winit.sfa.salesman.SalesManRecommendedOrder
ADDED from Winit_Kwality_new2016\AndroidManifest.xml:136:9-142:20
	android:screenOrientation
		ADDED from Winit_Kwality_new2016\AndroidManifest.xml:140:13-49
	android:label
		ADDED from Winit_Kwality_new2016\AndroidManifest.xml:139:13-45
	android:windowSoftInputMode
		ADDED from Winit_Kwality_new2016\AndroidManifest.xml:141:13-74
	android:configChanges
		ADDED from Winit_Kwality_new2016\AndroidManifest.xml:138:13-63
	android:name
		ADDED from Winit_Kwality_new2016\AndroidManifest.xml:137:13-75
activity#com.winit.sfa.salesman.ReturnOrderActivity
ADDED from Winit_Kwality_new2016\AndroidManifest.xml:143:9-147:20
	android:screenOrientation
		ADDED from Winit_Kwality_new2016\AndroidManifest.xml:146:13-49
	android:label
		ADDED from Winit_Kwality_new2016\AndroidManifest.xml:145:13-45
	android:name
		ADDED from Winit_Kwality_new2016\AndroidManifest.xml:144:13-70
activity#com.winit.sfa.salesman.SalesmanPendingReturnOrderPreview
ADDED from Winit_Kwality_new2016\AndroidManifest.xml:148:9-152:20
	android:screenOrientation
		ADDED from Winit_Kwality_new2016\AndroidManifest.xml:151:13-49
	android:label
		ADDED from Winit_Kwality_new2016\AndroidManifest.xml:150:13-45
	android:name
		ADDED from Winit_Kwality_new2016\AndroidManifest.xml:149:13-84
activity#com.winit.sfa.salesman.ItemPricingActivity
ADDED from Winit_Kwality_new2016\AndroidManifest.xml:153:9-157:20
	android:screenOrientation
		ADDED from Winit_Kwality_new2016\AndroidManifest.xml:156:13-49
	android:label
		ADDED from Winit_Kwality_new2016\AndroidManifest.xml:155:13-45
	android:name
		ADDED from Winit_Kwality_new2016\AndroidManifest.xml:154:13-70
activity#com.winit.sfa.salesman.BaseActivity
ADDED from Winit_Kwality_new2016\AndroidManifest.xml:158:9-162:20
	android:screenOrientation
		ADDED from Winit_Kwality_new2016\AndroidManifest.xml:161:13-49
	android:label
		ADDED from Winit_Kwality_new2016\AndroidManifest.xml:160:13-45
	android:name
		ADDED from Winit_Kwality_new2016\AndroidManifest.xml:159:13-63
activity#com.winit.alseer.BluetoothFilePrinter.BluetoothFilePrinter
ADDED from Winit_Kwality_new2016\AndroidManifest.xml:163:9-167:20
	android:screenOrientation
		ADDED from Winit_Kwality_new2016\AndroidManifest.xml:166:13-49
	android:label
		ADDED from Winit_Kwality_new2016\AndroidManifest.xml:165:13-45
	android:name
		ADDED from Winit_Kwality_new2016\AndroidManifest.xml:164:13-86
activity#com.winit.sfa.salesman.LastFiveOrdersActivity
ADDED from Winit_Kwality_new2016\AndroidManifest.xml:168:9-173:20
	android:screenOrientation
		ADDED from Winit_Kwality_new2016\AndroidManifest.xml:171:13-49
	android:label
		ADDED from Winit_Kwality_new2016\AndroidManifest.xml:170:13-45
	android:windowSoftInputMode
		ADDED from Winit_Kwality_new2016\AndroidManifest.xml:172:13-60
	android:name
		ADDED from Winit_Kwality_new2016\AndroidManifest.xml:169:13-73
activity#com.winit.sfa.salesman.LastOrderDetailsActivity
ADDED from Winit_Kwality_new2016\AndroidManifest.xml:174:9-179:20
	android:screenOrientation
		ADDED from Winit_Kwality_new2016\AndroidManifest.xml:177:13-49
	android:label
		ADDED from Winit_Kwality_new2016\AndroidManifest.xml:176:13-45
	android:windowSoftInputMode
		ADDED from Winit_Kwality_new2016\AndroidManifest.xml:178:13-60
	android:name
		ADDED from Winit_Kwality_new2016\AndroidManifest.xml:175:13-75
activity#com.winit.sfa.salesman.CaptureDamagedItemImage
ADDED from Winit_Kwality_new2016\AndroidManifest.xml:180:9-185:20
	android:screenOrientation
		ADDED from Winit_Kwality_new2016\AndroidManifest.xml:183:13-49
	android:label
		ADDED from Winit_Kwality_new2016\AndroidManifest.xml:182:13-45
	android:windowSoftInputMode
		ADDED from Winit_Kwality_new2016\AndroidManifest.xml:184:13-60
	android:name
		ADDED from Winit_Kwality_new2016\AndroidManifest.xml:181:13-74
activity#com.winit.alseer.BluetoothFilePrinter.BTWrapperActivity
ADDED from Winit_Kwality_new2016\AndroidManifest.xml:186:9-191:20
	android:screenOrientation
		ADDED from Winit_Kwality_new2016\AndroidManifest.xml:189:13-49
	android:label
		ADDED from Winit_Kwality_new2016\AndroidManifest.xml:188:13-45
	android:windowSoftInputMode
		ADDED from Winit_Kwality_new2016\AndroidManifest.xml:190:13-60
	android:name
		ADDED from Winit_Kwality_new2016\AndroidManifest.xml:187:13-83
activity#com.winit.sfa.salesman.NewProductLaunch
ADDED from Winit_Kwality_new2016\AndroidManifest.xml:192:9-197:20
	android:screenOrientation
		ADDED from Winit_Kwality_new2016\AndroidManifest.xml:195:13-49
	android:label
		ADDED from Winit_Kwality_new2016\AndroidManifest.xml:194:13-45
	android:windowSoftInputMode
		ADDED from Winit_Kwality_new2016\AndroidManifest.xml:196:13-60
	android:name
		ADDED from Winit_Kwality_new2016\AndroidManifest.xml:193:13-67
activity#com.winit.sfa.salesman.SalesmanAdvanceOrderCustomerList
ADDED from Winit_Kwality_new2016\AndroidManifest.xml:198:9-203:20
	android:screenOrientation
		ADDED from Winit_Kwality_new2016\AndroidManifest.xml:201:13-49
	android:label
		ADDED from Winit_Kwality_new2016\AndroidManifest.xml:200:13-45
	android:windowSoftInputMode
		ADDED from Winit_Kwality_new2016\AndroidManifest.xml:202:13-60
	android:name
		ADDED from Winit_Kwality_new2016\AndroidManifest.xml:199:13-83
activity#com.winit.sfa.salesman.ReturnStockOption
ADDED from Winit_Kwality_new2016\AndroidManifest.xml:204:9-209:20
	android:screenOrientation
		ADDED from Winit_Kwality_new2016\AndroidManifest.xml:207:13-49
	android:label
		ADDED from Winit_Kwality_new2016\AndroidManifest.xml:206:13-45
	android:windowSoftInputMode
		ADDED from Winit_Kwality_new2016\AndroidManifest.xml:208:13-60
	android:name
		ADDED from Winit_Kwality_new2016\AndroidManifest.xml:205:13-68
activity#com.winit.sfa.salesman.SalesManTakeAdvanceOrder
ADDED from Winit_Kwality_new2016\AndroidManifest.xml:210:9-215:20
	android:screenOrientation
		ADDED from Winit_Kwality_new2016\AndroidManifest.xml:213:13-49
	android:label
		ADDED from Winit_Kwality_new2016\AndroidManifest.xml:212:13-45
	android:windowSoftInputMode
		ADDED from Winit_Kwality_new2016\AndroidManifest.xml:214:13-60
	android:name
		ADDED from Winit_Kwality_new2016\AndroidManifest.xml:211:13-75
activity#com.winit.sfa.salesman.SalesmanAdvanceOrderPreview
ADDED from Winit_Kwality_new2016\AndroidManifest.xml:216:9-221:20
	android:screenOrientation
		ADDED from Winit_Kwality_new2016\AndroidManifest.xml:219:13-49
	android:label
		ADDED from Winit_Kwality_new2016\AndroidManifest.xml:218:13-45
	android:windowSoftInputMode
		ADDED from Winit_Kwality_new2016\AndroidManifest.xml:220:13-60
	android:name
		ADDED from Winit_Kwality_new2016\AndroidManifest.xml:217:13-78
activity#com.winit.sfa.salesman.ServeyListActivity
ADDED from Winit_Kwality_new2016\AndroidManifest.xml:222:9-227:20
	android:screenOrientation
		ADDED from Winit_Kwality_new2016\AndroidManifest.xml:225:13-49
	android:label
		ADDED from Winit_Kwality_new2016\AndroidManifest.xml:224:13-45
	android:windowSoftInputMode
		ADDED from Winit_Kwality_new2016\AndroidManifest.xml:226:13-60
	android:name
		ADDED from Winit_Kwality_new2016\AndroidManifest.xml:223:13-69
activity#com.winit.sfa.salesman.CaptureInventoryCategory
ADDED from Winit_Kwality_new2016\AndroidManifest.xml:228:9-233:20
	android:screenOrientation
		ADDED from Winit_Kwality_new2016\AndroidManifest.xml:231:13-49
	android:label
		ADDED from Winit_Kwality_new2016\AndroidManifest.xml:230:13-45
	android:windowSoftInputMode
		ADDED from Winit_Kwality_new2016\AndroidManifest.xml:232:13-60
	android:name
		ADDED from Winit_Kwality_new2016\AndroidManifest.xml:229:13-75
activity#com.winit.sfa.salesman.PresellerCaptureBrandInventry
ADDED from Winit_Kwality_new2016\AndroidManifest.xml:234:9-239:20
	android:screenOrientation
		ADDED from Winit_Kwality_new2016\AndroidManifest.xml:237:13-49
	android:label
		ADDED from Winit_Kwality_new2016\AndroidManifest.xml:236:13-45
	android:windowSoftInputMode
		ADDED from Winit_Kwality_new2016\AndroidManifest.xml:238:13-60
	android:name
		ADDED from Winit_Kwality_new2016\AndroidManifest.xml:235:13-80
activity#com.winit.sfa.salesman.ServeyDetailsActivity
ADDED from Winit_Kwality_new2016\AndroidManifest.xml:240:9-245:20
	android:screenOrientation
		ADDED from Winit_Kwality_new2016\AndroidManifest.xml:243:13-49
	android:label
		ADDED from Winit_Kwality_new2016\AndroidManifest.xml:242:13-45
	android:windowSoftInputMode
		ADDED from Winit_Kwality_new2016\AndroidManifest.xml:244:13-60
	android:name
		ADDED from Winit_Kwality_new2016\AndroidManifest.xml:241:13-72
activity#com.winit.sfa.salesman.CheckInOptionActivity
ADDED from Winit_Kwality_new2016\AndroidManifest.xml:246:9-251:20
	android:screenOrientation
		ADDED from Winit_Kwality_new2016\AndroidManifest.xml:249:13-49
	android:label
		ADDED from Winit_Kwality_new2016\AndroidManifest.xml:248:13-45
	android:windowSoftInputMode
		ADDED from Winit_Kwality_new2016\AndroidManifest.xml:250:13-60
	android:name
		ADDED from Winit_Kwality_new2016\AndroidManifest.xml:247:13-72
activity#com.winit.sfa.salesman.CheckInOptionActivityNew
ADDED from Winit_Kwality_new2016\AndroidManifest.xml:252:9-257:20
	android:screenOrientation
		ADDED from Winit_Kwality_new2016\AndroidManifest.xml:255:13-49
	android:label
		ADDED from Winit_Kwality_new2016\AndroidManifest.xml:254:13-45
	android:windowSoftInputMode
		ADDED from Winit_Kwality_new2016\AndroidManifest.xml:256:13-60
	android:name
		ADDED from Winit_Kwality_new2016\AndroidManifest.xml:253:13-75
activity#com.winit.sfa.salesman.CheckInDemand
ADDED from Winit_Kwality_new2016\AndroidManifest.xml:258:9-263:20
	android:screenOrientation
		ADDED from Winit_Kwality_new2016\AndroidManifest.xml:261:13-49
	android:label
		ADDED from Winit_Kwality_new2016\AndroidManifest.xml:260:13-45
	android:windowSoftInputMode
		ADDED from Winit_Kwality_new2016\AndroidManifest.xml:262:13-60
	android:name
		ADDED from Winit_Kwality_new2016\AndroidManifest.xml:259:13-64
activity#com.winit.sfa.salesman.CaptureCompetitorDetail
ADDED from Winit_Kwality_new2016\AndroidManifest.xml:264:9-269:20
	android:screenOrientation
		ADDED from Winit_Kwality_new2016\AndroidManifest.xml:267:13-49
	android:label
		ADDED from Winit_Kwality_new2016\AndroidManifest.xml:266:13-45
	android:windowSoftInputMode
		ADDED from Winit_Kwality_new2016\AndroidManifest.xml:268:13-60
	android:name
		ADDED from Winit_Kwality_new2016\AndroidManifest.xml:265:13-74
activity#com.winit.sfa.salesman.SyncLogsActivityNew
ADDED from Winit_Kwality_new2016\AndroidManifest.xml:270:9-275:20
	android:screenOrientation
		ADDED from Winit_Kwality_new2016\AndroidManifest.xml:273:13-49
	android:label
		ADDED from Winit_Kwality_new2016\AndroidManifest.xml:272:13-45
	android:windowSoftInputMode
		ADDED from Winit_Kwality_new2016\AndroidManifest.xml:274:13-60
	android:name
		ADDED from Winit_Kwality_new2016\AndroidManifest.xml:271:13-70
activity#com.winit.sfa.salesman.MyActivities
ADDED from Winit_Kwality_new2016\AndroidManifest.xml:276:9-281:20
	android:screenOrientation
		ADDED from Winit_Kwality_new2016\AndroidManifest.xml:279:13-49
	android:label
		ADDED from Winit_Kwality_new2016\AndroidManifest.xml:278:13-45
	android:windowSoftInputMode
		ADDED from Winit_Kwality_new2016\AndroidManifest.xml:280:13-60
	android:name
		ADDED from Winit_Kwality_new2016\AndroidManifest.xml:277:13-63
activity#com.winit.sfa.salesman.CustomerAssetService
ADDED from Winit_Kwality_new2016\AndroidManifest.xml:282:9-287:20
	android:screenOrientation
		ADDED from Winit_Kwality_new2016\AndroidManifest.xml:285:13-49
	android:label
		ADDED from Winit_Kwality_new2016\AndroidManifest.xml:284:13-45
	android:windowSoftInputMode
		ADDED from Winit_Kwality_new2016\AndroidManifest.xml:286:13-60
	android:name
		ADDED from Winit_Kwality_new2016\AndroidManifest.xml:283:13-71
activity#com.winit.sfa.salesman.CapturedCompetitorActivity
ADDED from Winit_Kwality_new2016\AndroidManifest.xml:288:9-293:20
	android:screenOrientation
		ADDED from Winit_Kwality_new2016\AndroidManifest.xml:291:13-49
	android:label
		ADDED from Winit_Kwality_new2016\AndroidManifest.xml:290:13-45
	android:windowSoftInputMode
		ADDED from Winit_Kwality_new2016\AndroidManifest.xml:292:13-60
	android:name
		ADDED from Winit_Kwality_new2016\AndroidManifest.xml:289:13-77
activity#com.winit.sfa.salesman.ProductCatalogActivity
ADDED from Winit_Kwality_new2016\AndroidManifest.xml:294:9-299:20
	android:screenOrientation
		ADDED from Winit_Kwality_new2016\AndroidManifest.xml:297:13-49
	android:label
		ADDED from Winit_Kwality_new2016\AndroidManifest.xml:296:13-45
	android:windowSoftInputMode
		ADDED from Winit_Kwality_new2016\AndroidManifest.xml:298:13-60
	android:name
		ADDED from Winit_Kwality_new2016\AndroidManifest.xml:295:13-73
activity#com.winit.sfa.salesman.CaptureShelfPhotoActivity
ADDED from Winit_Kwality_new2016\AndroidManifest.xml:300:9-305:20
	android:screenOrientation
		ADDED from Winit_Kwality_new2016\AndroidManifest.xml:303:13-49
	android:label
		ADDED from Winit_Kwality_new2016\AndroidManifest.xml:302:13-45
	android:windowSoftInputMode
		ADDED from Winit_Kwality_new2016\AndroidManifest.xml:304:13-60
	android:name
		ADDED from Winit_Kwality_new2016\AndroidManifest.xml:301:13-76
activity#com.winit.sfa.salesman.ConsumerBehaviourSurveyActivityNew
ADDED from Winit_Kwality_new2016\AndroidManifest.xml:312:9-317:20
	android:screenOrientation
		ADDED from Winit_Kwality_new2016\AndroidManifest.xml:315:13-49
	android:label
		ADDED from Winit_Kwality_new2016\AndroidManifest.xml:314:13-45
	android:windowSoftInputMode
		ADDED from Winit_Kwality_new2016\AndroidManifest.xml:316:13-60
	android:name
		ADDED from Winit_Kwality_new2016\AndroidManifest.xml:313:13-85
activity#com.winit.sfa.salesman.TaskToDoActivity
ADDED from Winit_Kwality_new2016\AndroidManifest.xml:318:9-323:20
	android:screenOrientation
		ADDED from Winit_Kwality_new2016\AndroidManifest.xml:321:13-49
	android:label
		ADDED from Winit_Kwality_new2016\AndroidManifest.xml:320:13-45
	android:windowSoftInputMode
		ADDED from Winit_Kwality_new2016\AndroidManifest.xml:322:13-60
	android:name
		ADDED from Winit_Kwality_new2016\AndroidManifest.xml:319:13-67
activity#com.winit.sfa.salesman.PresellerCaptureInventry
ADDED from Winit_Kwality_new2016\AndroidManifest.xml:324:9-329:20
	android:screenOrientation
		ADDED from Winit_Kwality_new2016\AndroidManifest.xml:327:13-49
	android:label
		ADDED from Winit_Kwality_new2016\AndroidManifest.xml:326:13-45
	android:windowSoftInputMode
		ADDED from Winit_Kwality_new2016\AndroidManifest.xml:328:13-73
	android:name
		ADDED from Winit_Kwality_new2016\AndroidManifest.xml:325:13-75
activity#com.winit.sfa.salesman.PresellerJourneyPlan
ADDED from Winit_Kwality_new2016\AndroidManifest.xml:330:9-335:20
	android:screenOrientation
		ADDED from Winit_Kwality_new2016\AndroidManifest.xml:333:13-49
	android:label
		ADDED from Winit_Kwality_new2016\AndroidManifest.xml:332:13-45
	android:windowSoftInputMode
		ADDED from Winit_Kwality_new2016\AndroidManifest.xml:334:13-73
	android:name
		ADDED from Winit_Kwality_new2016\AndroidManifest.xml:331:13-71
activity#com.winit.sfa.salesman.PresellerNextDayJourneyPlan
ADDED from Winit_Kwality_new2016\AndroidManifest.xml:336:9-341:20
	android:screenOrientation
		ADDED from Winit_Kwality_new2016\AndroidManifest.xml:339:13-49
	android:label
		ADDED from Winit_Kwality_new2016\AndroidManifest.xml:338:13-45
	android:windowSoftInputMode
		ADDED from Winit_Kwality_new2016\AndroidManifest.xml:340:13-73
	android:name
		ADDED from Winit_Kwality_new2016\AndroidManifest.xml:337:13-78
activity#com.winit.sfa.salesman.TodaysDashboradActivity
ADDED from Winit_Kwality_new2016\AndroidManifest.xml:342:9-346:20
	android:screenOrientation
		ADDED from Winit_Kwality_new2016\AndroidManifest.xml:345:13-49
	android:label
		ADDED from Winit_Kwality_new2016\AndroidManifest.xml:344:13-45
	android:name
		ADDED from Winit_Kwality_new2016\AndroidManifest.xml:343:13-74
activity#com.winit.sfa.salesman.AdvanceOrderDeliveryCustomerList
ADDED from Winit_Kwality_new2016\AndroidManifest.xml:347:9-352:20
	android:screenOrientation
		ADDED from Winit_Kwality_new2016\AndroidManifest.xml:350:13-49
	android:label
		ADDED from Winit_Kwality_new2016\AndroidManifest.xml:349:13-45
	android:windowSoftInputMode
		ADDED from Winit_Kwality_new2016\AndroidManifest.xml:351:13-60
	android:name
		ADDED from Winit_Kwality_new2016\AndroidManifest.xml:348:13-83
activity#com.winit.sfa.salesman.SalesmanSummaryofDay
ADDED from Winit_Kwality_new2016\AndroidManifest.xml:353:9-357:20
	android:screenOrientation
		ADDED from Winit_Kwality_new2016\AndroidManifest.xml:356:13-49
	android:label
		ADDED from Winit_Kwality_new2016\AndroidManifest.xml:355:13-45
	android:name
		ADDED from Winit_Kwality_new2016\AndroidManifest.xml:354:13-71
activity#com.winit.sfa.salesman.SalesmanSummaryofDayDetail
ADDED from Winit_Kwality_new2016\AndroidManifest.xml:358:9-362:20
	android:screenOrientation
		ADDED from Winit_Kwality_new2016\AndroidManifest.xml:361:13-49
	android:label
		ADDED from Winit_Kwality_new2016\AndroidManifest.xml:360:13-45
	android:name
		ADDED from Winit_Kwality_new2016\AndroidManifest.xml:359:13-77
activity#com.winit.sfa.salesman.SalesmanOrderDetail
ADDED from Winit_Kwality_new2016\AndroidManifest.xml:363:9-367:20
	android:screenOrientation